PLUMED: PLUMED is starting
PLUMED: Version: 2.8.2 (git: Unknown) compiled on Jan 23 2024 at 17:15:53
PLUMED: Please cite these papers when using PLUMED [1][2]
PLUMED: For further information see the PLUMED web page at http://www.plumed.org
PLUMED: Root: /Users/lina492375qw1188/Desktop/lammps_plumed/lammps-2Aug2023/lib/plumed/plumed2/lib/plumed
PLUMED: For installed feature, see /Users/lina492375qw1188/Desktop/lammps_plumed/lammps-2Aug2023/lib/plumed/plumed2/lib/plumed/src/config/config.txt
PLUMED: Molecular dynamics engine: LAMMPS
PLUMED: Precision of reals: 8
PLUMED: Running over 1 node
PLUMED: Number of threads: 1
PLUMED: Cache line size: 512
PLUMED: Number of atoms: 512
PLUMED: File suffix: 
PLUMED: FILE: plumed_biased.dat
PLUMED: Action UNITS
PLUMED:   with label @0
PLUMED:   length: 3 nm
PLUMED:   energy: kj/mol
PLUMED:   time: ps
PLUMED:   charge: e
PLUMED:   mass: amu
PLUMED:   using physical units
PLUMED:   inside PLUMED, Boltzmann constant is 1
PLUMED: Action COORDINATIONNUMBER
PLUMED:   with label coord
PLUMED:   lowering memory requirements
PLUMED:   coordination of central atom and those within 0.05.  Using cubic switching function with parameters d0=0.5 dmax=0.55
PLUMED:   keyword SPECIES takes atoms : 1 2 3 4 5 6 7 8 9 10 11 12 13 14 15 16 17 18 19 20 21 22 23 24 25 26 27 28 29 30 31 32 33 34 35 36 37 38 39 40 41 42 43 44 45 46 47 48 49 50 51 52 53 54 55 56 57 58 59 60 61 62 63 64 65 66 67 68 69 70 71 72 73 74 75 76 77 78 79 80 81 82 83 84 85 86 87 88 89 90 91 92 93 94 95 96 97 98 99 100 101 102 103 104 105 106 107 108 109 110 111 112 113 114 115 116 117 118 119 120 121 122 123 124 125 126 127 128 129 130 131 132 133 134 135 136 137 138 139 140 141 142 143 144 145 146 147 148 149 150 151 152 153 154 155 156 157 158 159 160 161 162 163 164 165 166 167 168 169 170 171 172 173 174 175 176 177 178 179 180 181 182 183 184 185 186 187 188 189 190 191 192 193 194 195 196 197 198 199 200 201 202 203 204 205 206 207 208 209 210 211 212 213 214 215 216 217 218 219 220 221 222 223 224 225 226 227 228 229 230 231 232 233 234 235 236 237 238 239 240 241 242 243 244 245 246 247 248 249 250 251 252 253 254 255 256 257 258 259 260 261 262 263 264 265 266 267 268 269 270 271 272 273 274 275 276 277 278 279 280 281 282 283 284 285 286 287 288 289 290 291 292 293 294 295 296 297 298 299 300 301 302 303 304 305 306 307 308 309 310 311 312 313 314 315 316 317 318 319 320 321 322 323 324 325 326 327 328 329 330 331 332 333 334 335 336 337 338 339 340 341 342 343 344 345 346 347 348 349 350 351 352 353 354 355 356 357 358 359 360 361 362 363 364 365 366 367 368 369 370 371 372 373 374 375 376 377 378 379 380 381 382 383 384 385 386 387 388 389 390 391 392 393 394 395 396 397 398 399 400 401 402 403 404 405 406 407 408 409 410 411 412 413 414 415 416 417 418 419 420 421 422 423 424 425 426 427 428 429 430 431 432 433 434 435 436 437 438 439 440 441 442 443 444 445 446 447 448 449 450 451 452 453 454 455 456 457 458 459 460 461 462 463 464 465 466 467 468 469 470 471 472 473 474 475 476 477 478 479 480 481 482 483 484 485 486 487 488 489 490 491 492 493 494 495 496 497 498 499 500 501 502 503 504 505 506 507 508 509 510 511 512 
PLUMED:   added component to this action:  coord.morethan 
PLUMED:   value coord.morethan is obtained by taking the 1th component and finding the number of values more than 5.  Using rational switching function with parameters d0=0 nn=6 mm=12
PLUMED: Action METAD
PLUMED:   with label metad
PLUMED:   with arguments coord.morethan
PLUMED:   added component to this action:  metad.bias 
PLUMED:   Gaussian width  1.200000  Gaussian height 0.100000
PLUMED:   Gaussian deposition pace 100
PLUMED:   Gaussian file HILLS
PLUMED:   Well-Tempered Bias Factor 5.000000
PLUMED:   Hills relaxation time (tau) 20.000000
PLUMED:   KbT 0.500000
PLUMED:   Grid min 0
PLUMED:   Grid max 512
PLUMED:   Grid bin 1000
PLUMED:   Grid uses spline interpolation
PLUMED:   added component to this action:  metad.rbias 
PLUMED:   added component to this action:  metad.rct 
PLUMED:   The c(t) reweighting factor will be calculated every 1 hills
PLUMED:   calculation on the fly of the acceleration factor
PLUMED:   added component to this action:  metad.acc 
PLUMED:   Bibliography [3][4][5][6]
PLUMED: Action PRINT
PLUMED:   with label @3
PLUMED:   with stride 100
PLUMED:   with arguments coord.morethan metad.bias metad.rbias metad.rct metad.acc
PLUMED:   on file COLVAR
PLUMED:   with format  %f
PLUMED: Action ENDPLUMED
PLUMED:   with label @4
PLUMED: END FILE: plumed_biased.dat
PLUMED: Timestep: 0.010000
PLUMED: KbT has not been set by the MD engine
PLUMED: It should be set by hand where needed
PLUMED: Relevant bibliography:
PLUMED:   [1] The PLUMED consortium, Nat. Methods 16, 670 (2019)
PLUMED:   [2] Tribello, Bonomi, Branduardi, Camilloni, and Bussi, Comput. Phys. Commun. 185, 604 (2014)
PLUMED:   [3] Laio and Parrinello, PNAS 99, 12562 (2002)
PLUMED:   [4] Barducci, Bussi, and Parrinello, Phys. Rev. Lett. 100, 020603 (2008)
PLUMED:   [5] Pratyush and Parrinello, Phys. Rev. Lett. 111, 230602 (2013)
PLUMED:   [6] Pratyush and Parrinello, J. Phys. Chem. B, 119, 736 (2015)
PLUMED: Please read and cite where appropriate!
PLUMED: Finished setup
PLUMED:                                               Cycles        Total      Average      Minimum      Maximum
PLUMED:                                                    1   651.839826   651.839826   651.839826   651.839826
PLUMED: 1 Prepare dependencies                       1000001     0.078513     0.000000     0.000000     0.000027
PLUMED: 2 Sharing data                               1000001    17.005299     0.000017     0.000011     0.004265
PLUMED: 3 Waiting for data                           1000001     0.031731     0.000000     0.000000     0.000023
PLUMED: 4 Calculating (forward loop)                 1000001   627.579328     0.000628     0.000285     0.014444
PLUMED: 5 Applying (backward loop)                   1000001     4.543433     0.000005     0.000004     0.000387
PLUMED: 6 Update                                     1000001     0.280000     0.000000     0.000000     0.003074
